Error with function getEmployee, failed to get data
Error with function getAllMachines
Error with function getAllEmployees
Error with function getAllMachines
Error with function getAllEmployees
Error with function getAllEmployees
Error with function getAllEmployees
Error with function getAllEmployees
Error with function getAllEmployees
Error with function createMachine
Error with function editMachine
Error with function editMachine
Error with function getMachine, failed to get data
Error with function getMachine, failed to get data
Error with function getMachine, failed to get data
Error with function editMachine
Error with function getAllMachines
Error with function getAllMachines
Error with function getAllMachines
Error with function getAllMachines
Error with function getAllMachines
Error with function getAllMachines
Error with function getAllMachines
Error with function getAllMachines
Error with function getAllMachines
Error with function getAllMachines
Error with function getAllMachines
Error with function getAllMachines
Error with function getAllMachines
Error with function getAllMachines
Error with function getAllMachines
Error with function getAllMachines
Error with function getAllMachines
Error with function getAllMachines
Error with function getAllMachines
Error with function getAllMachines
Error with function getAllMachines
Error with function getAllMachines
Error with function getAllMachines
Error with function getAllMachines
Error with function getAllMachines
Error with function getAllMachines
Error with function getAllMachines
Error with function getAllMachines
Error with function getAllMachines
Error with function getAllMachines
Error with function getAllMachines
Error with function getAllMachines
Error with function getAllMachines
Error with function getAllMachines
Error with function getAllMachines
Error with function getAllMachines
Error with function getAllMachines
Error with function getAllMachines
Error with function getAllMachines
Error with function getAllMachines
Error with function getAllMachines
Error with function getAllMachines
Error with function getAllMachines
Error with function getAllMachines
Error with function getAllMachines
Error with function createEmployee
Error with function editEmployee
Error with function editEmployee
Error with function editEmployee
Error with function editEmployee
Error with function createMachine
Error with function editMachine
Error with function editMachine
Error with function editMachine
Error with function editMachine
Error with function createEmployee
Error with function createEmployee
Error with function createEmployee
Error with function createEmployee
Error with function createEmployee
Error with function createEmployee
Error with function getAllMachines
Error with function getAllEmployees
Error with function getAllEmployees
Error with function getAllEmployeesForManager
Error with function deletePhoto: SQLSTATE[42S22]: Column not found: 1054 Unknown column 'employee_image' in 'field list'
Error with function deletePhoto: SQLSTATE[42S22]: Column not found: 1054 Unknown column 'employee_image' in 'field list'
